::1 - - [15/Nov/2021:17:15:48 +0100] "GET / HTTP/1.1" 200 2019
::1 - - [15/Nov/2021:17:15:48 +0100] "GET / HTTP/1.1" 200 2019
::1 - - [15/Nov/2021:17:15:48 +0100] "GET /styles/css/index.css HTTP/1.1" 200 479
::1 - - [15/Nov/2021:17:15:48 +0100] "GET /favicon.ico HTTP/1.1" 404 209
::1 - - [15/Nov/2021:17:15:50 +0100] "GET /login.php HTTP/1.1" 200 983
::1 - - [15/Nov/2021:17:15:50 +0100] "GET /styles/css/login.css HTTP/1.1" 200 2218
::1 - - [15/Nov/2021:17:17:50 +0100] "GET /phpmyadmin HTTP/1.1" 301 241
::1 - - [15/Nov/2021:17:17:50 +0100] "GET / HTTP/1.1" 200 2019
::1 - - [15/Nov/2021:17:17:50 +0100] "GET /styles/css/index.css HTTP/1.1" 200 479
::1 - - [15/Nov/2021:17:17:50 +0100] "GET /phpmyadmin/ HTTP/1.1" 200 8560
::1 - - [15/Nov/2021:17:17:51 +0100] "GET /phpmyadmin/themes/pmahomme/jquery/jquery-ui-1.9.2.custom.css HTTP/1.1" 200 32739
::1 - - [15/Nov/2021:17:17:51 +0100] "GET /phpmyadmin/js/get_scripts.js.php?scripts[]=jquery/jquery-1.8.3.js&scripts[]=ajax.js&scripts[]=keyhandler.js&scripts[]=jquery/jquery-ui-1.9.2.custom.js&scripts[]=jquery/jquery.sprintf.js&scripts[]=jquery/jquery.cookie.js&scripts[]=jquery/jquery.mousewheel.js&scripts[]=jquery/jquery.event.drag-2.2.js&scripts[]=jquery/jquery-ui-timepicker-addon.js&scripts[]=jquery/jquery.ba-hashchange-1.3.js&scripts[]=jquery/jquery.debounce-1.0.5.js&scripts[]=jquery/jquery.menuResizer-1.0.js&scripts[]=rte.js&scripts[]=functions.js&scripts[]=navigation.js&scripts[]=indexes.js&scripts[]=common.js&scripts[]=codemirror/lib/codemirror.js&scripts[]=codemirror/mode/mysql/mysql.js HTTP/1.1" 200 578621
::1 - - [15/Nov/2021:17:17:51 +0100] "GET /phpmyadmin/phpmyadmin.css.php?server=1&lang=es&collation_connection=utf8_general_ci&token=34bbbb95fd21858036fd7d8cbfeb79ad&nocache=4910976588ltr HTTP/1.1" 200 92653
::1 - - [15/Nov/2021:17:17:51 +0100] "GET /phpmyadmin/js/messages.php?lang=es&db=&server=0&collation_connection=utf8_general_ci&token=4f91068ebc29041a8bfd49d9b4de0ba7 HTTP/1.1" 200 18338
::1 - - [15/Nov/2021:17:17:51 +0100] "GET /phpmyadmin/themes/pmahomme/img/logo_right.png HTTP/1.1" 200 4548
::1 - - [15/Nov/2021:17:17:51 +0100] "GET /phpmyadmin/themes/dot.gif HTTP/1.1" 200 43
::1 - - [15/Nov/2021:17:17:51 +0100] "GET /phpmyadmin/js/get_image.js.php?theme=pmahomme HTTP/1.1" 200 6364
::1 - - [15/Nov/2021:17:17:51 +0100] "GET /phpmyadmin/themes/pmahomme/img/sprites.png HTTP/1.1" 200 61899
::1 - - [15/Nov/2021:17:17:51 +0100] "GET /phpmyadmin/favicon.ico HTTP/1.1" 200 18902
::1 - - [15/Nov/2021:17:17:55 +0100] "POST /phpmyadmin/index.php HTTP/1.1" 302 -
::1 - - [15/Nov/2021:17:17:55 +0100] "GET /phpmyadmin/index.php?token=34bbbb95fd21858036fd7d8cbfeb79ad HTTP/1.1" 200 48855
::1 - - [15/Nov/2021:17:17:56 +0100] "GET /phpmyadmin/phpmyadmin.css.php?server=1&token=34bbbb95fd21858036fd7d8cbfeb79ad&nocache=6547969663ltr HTTP/1.1" 200 92653
::1 - - [15/Nov/2021:17:17:56 +0100] "GET /phpmyadmin/themes/pmahomme/img/logo_left.png HTTP/1.1" 200 2327
::1 - - [15/Nov/2021:17:17:56 +0100] "GET /phpmyadmin/themes/pmahomme/img/ajax_clock_small.gif HTTP/1.1" 200 1810
::1 - - [15/Nov/2021:17:17:56 +0100] "GET /phpmyadmin/js/messages.php?lang=es&db=&server=0&token=34bbbb95fd21858036fd7d8cbfeb79ad HTTP/1.1" 200 18338
::1 - - [15/Nov/2021:17:17:56 +0100] "GET /phpmyadmin/themes/pmahomme/img/left_nav_bg.png HTTP/1.1" 200 297
::1 - - [15/Nov/2021:17:17:56 +0100] "GET /phpmyadmin/version_check.php?&_nocache=1636993076190916681 HTTP/1.1" 200 39
::1 - - [15/Nov/2021:17:18:00 +0100] "GET /phpmyadmin/navigation.php?ajax_request=1&token=34bbbb95fd21858036fd7d8cbfeb79ad&aPath=cm9vdA%3D%3D.ZGF3Mg%3D%3D&vPath=cm9vdA%3D%3D.ZGF3Mg%3D%3D&pos=0&pos2_name=&pos2_value=&searchClause=&searchClause2=&_nocache=1636993080788233554 HTTP/1.1" 200 2847
::1 - - [15/Nov/2021:17:18:06 +0100] "GET /phpmyadmin/sql.php?server=1&db=daw2&table=producto&pos=0&token=34bbbb95fd21858036fd7d8cbfeb79ad&ajax_request=true&ajax_page_request=true&menuHashes=7c02bf3f&_nocache=1636993086310459464 HTTP/1.1" 200 20374
::1 - - [15/Nov/2021:17:18:06 +0100] "GET /phpmyadmin/js/get_scripts.js.php?scripts[]=tbl_change.js&scripts[]=tbl_structure.js&scripts[]=gis_data_editor.js&scripts[]=makegrid.js&scripts[]=sql.js HTTP/1.1" 200 57302
::1 - - [15/Nov/2021:17:18:06 +0100] "GET /phpmyadmin/themes/pmahomme/img/arrow_ltr.png HTTP/1.1" 200 139
::1 - - [15/Nov/2021:17:18:06 +0100] "GET /phpmyadmin/themes/pmahomme/img/s_fulltext.png HTTP/1.1" 200 193
::1 - - [15/Nov/2021:17:18:06 +0100] "GET /phpmyadmin/themes/pmahomme/img/col_pointer.png HTTP/1.1" 200 113
::1 - - [15/Nov/2021:17:18:06 +0100] "GET /phpmyadmin/themes/pmahomme/img/col_drop.png HTTP/1.1" 200 132
::1 - - [15/Nov/2021:17:18:06 +0100] "GET /phpmyadmin/index.php?ajax_request=1&recent_table=1&token=34bbbb95fd21858036fd7d8cbfeb79ad HTTP/1.1" 200 211
::1 - - [15/Nov/2021:17:18:07 +0100] "GET /phpmyadmin/tbl_structure.php?db=daw2&table=producto&token=34bbbb95fd21858036fd7d8cbfeb79ad&ajax_request=true&ajax_page_request=true&menuHashes=7c02bf3f-29114de5&_nocache=1636993087887921821 HTTP/1.1" 200 33979
::1 - - [15/Nov/2021:17:18:08 +0100] "GET /phpmyadmin/index.php?ajax_request=1&recent_table=1&token=34bbbb95fd21858036fd7d8cbfeb79ad HTTP/1.1" 200 211
::1 - - [15/Nov/2021:17:18:09 +0100] "GET /phpmyadmin/sql.php?server=1&db=daw2&table=usuario&pos=0&token=34bbbb95fd21858036fd7d8cbfeb79ad&ajax_request=true&ajax_page_request=true&menuHashes=7c02bf3f-29114de5-a226aa30&_nocache=1636993089388656287 HTTP/1.1" 200 21016
::1 - - [15/Nov/2021:17:18:09 +0100] "GET /phpmyadmin/index.php?ajax_request=1&recent_table=1&token=34bbbb95fd21858036fd7d8cbfeb79ad HTTP/1.1" 200 327
::1 - - [15/Nov/2021:17:18:10 +0100] "GET /phpmyadmin/tbl_structure.php?db=daw2&table=usuario&token=34bbbb95fd21858036fd7d8cbfeb79ad&ajax_request=true&ajax_page_request=true&menuHashes=10486963-7c02bf3f-29114de5-a226aa30&_nocache=1636993090107291699 HTTP/1.1" 200 54067
::1 - - [15/Nov/2021:17:18:10 +0100] "GET /phpmyadmin/index.php?ajax_request=1&recent_table=1&token=34bbbb95fd21858036fd7d8cbfeb79ad HTTP/1.1" 200 327
::1 - - [15/Nov/2021:17:23:13 +0100] "GET /phpmyadmin/index.php?token=34bbbb95fd21858036fd7d8cbfeb79ad HTTP/1.1" 200 8560
::1 - - [15/Nov/2021:17:23:13 +0100] "GET /phpmyadmin/themes/pmahomme/jquery/jquery-ui-1.9.2.custom.css HTTP/1.1" 200 32739
::1 - - [15/Nov/2021:17:23:13 +0100] "GET /phpmyadmin/js/get_scripts.js.php?scripts[]=jquery/jquery-1.8.3.js&scripts[]=ajax.js&scripts[]=keyhandler.js&scripts[]=jquery/jquery-ui-1.9.2.custom.js&scripts[]=jquery/jquery.sprintf.js&scripts[]=jquery/jquery.cookie.js&scripts[]=jquery/jquery.mousewheel.js&scripts[]=jquery/jquery.event.drag-2.2.js&scripts[]=jquery/jquery-ui-timepicker-addon.js&scripts[]=jquery/jquery.ba-hashchange-1.3.js&scripts[]=jquery/jquery.debounce-1.0.5.js&scripts[]=jquery/jquery.menuResizer-1.0.js&scripts[]=rte.js&scripts[]=functions.js&scripts[]=navigation.js&scripts[]=indexes.js&scripts[]=common.js&scripts[]=codemirror/lib/codemirror.js&scripts[]=codemirror/mode/mysql/mysql.js HTTP/1.1" 200 578621
::1 - - [15/Nov/2021:17:23:13 +0100] "GET /phpmyadmin/phpmyadmin.css.php?server=1&lang=es&collation_connection=utf8_general_ci&token=538291399bbd80962659027d3196e8f5&nocache=4910976588ltr HTTP/1.1" 200 92653
::1 - - [15/Nov/2021:17:23:13 +0100] "GET /phpmyadmin/js/get_image.js.php?theme=pmahomme HTTP/1.1" 200 6364
::1 - - [15/Nov/2021:17:23:13 +0100] "GET /phpmyadmin/themes/pmahomme/img/logo_right.png HTTP/1.1" 200 4548
::1 - - [15/Nov/2021:17:23:13 +0100] "GET /phpmyadmin/themes/dot.gif HTTP/1.1" 200 43
::1 - - [15/Nov/2021:17:23:13 +0100] "GET /phpmyadmin/js/messages.php?lang=es&db=&server=0&collation_connection=utf8_general_ci&token=a3e65c6a6b94573f23e85374bc4b2621 HTTP/1.1" 200 18338
::1 - - [15/Nov/2021:17:23:13 +0100] "GET /phpmyadmin/tbl_structure.php?db=daw2&table=usuario&server=1&target=&token=34bbbb95fd21858036fd7d8cbfeb79ad HTTP/1.1" 200 8133
::1 - - [15/Nov/2021:17:23:14 +0100] "GET /phpmyadmin/phpmyadmin.css.php?server=1&token=51b9358298a057ecb4a170524657c0e1&nocache=4910976588ltr HTTP/1.1" 200 92653
::1 - - [15/Nov/2021:17:23:14 +0100] "GET /phpmyadmin/js/messages.php?lang=es&db=daw2&token=538291399bbd80962659027d3196e8f5 HTTP/1.1" 200 18338
::1 - - [15/Nov/2021:17:23:14 +0100] "GET /phpmyadmin/themes/pmahomme/img/sprites.png HTTP/1.1" 200 61899
::1 - - [15/Nov/2021:17:23:14 +0100] "GET /phpmyadmin/favicon.ico HTTP/1.1" 200 18902
::1 - - [15/Nov/2021:17:23:20 +0100] "GET /login.php HTTP/1.1" 200 983
::1 - - [15/Nov/2021:17:23:20 +0100] "GET /styles/css/login.css HTTP/1.1" 200 2218
::1 - - [15/Nov/2021:17:26:52 +0100] "POST /phpmyadmin/index.php HTTP/1.1" 302 -
::1 - - [15/Nov/2021:17:26:52 +0100] "GET /phpmyadmin/index.php?db=daw2&table=usuario&target=tbl_structure.php&token=51b9358298a057ecb4a170524657c0e1 HTTP/1.1" 200 55470
::1 - - [15/Nov/2021:17:26:52 +0100] "GET /phpmyadmin/themes/pmahomme/jquery/jquery-ui-1.9.2.custom.css HTTP/1.1" 304 -
::1 - - [15/Nov/2021:17:26:52 +0100] "GET /phpmyadmin/js/get_scripts.js.php?scripts[]=jquery/jquery-1.8.3.js&scripts[]=ajax.js&scripts[]=keyhandler.js&scripts[]=jquery/jquery-ui-1.9.2.custom.js&scripts[]=jquery/jquery.sprintf.js&scripts[]=jquery/jquery.cookie.js&scripts[]=jquery/jquery.mousewheel.js&scripts[]=jquery/jquery.event.drag-2.2.js&scripts[]=jquery/jquery-ui-timepicker-addon.js&scripts[]=jquery/jquery.ba-hashchange-1.3.js&scripts[]=jquery/jquery.debounce-1.0.5.js&scripts[]=jquery/jquery.menuResizer-1.0.js&scripts[]=rte.js&scripts[]=functions.js&scripts[]=navigation.js&scripts[]=indexes.js&scripts[]=common.js&scripts[]=tbl_structure.js&scripts[]=codemirror/lib/codemirror.js&scripts[]=codemirror/mode/mysql/mysql.js HTTP/1.1" 200 586117
::1 - - [15/Nov/2021:17:26:52 +0100] "GET /phpmyadmin/js/messages.php?lang=es&db=daw2&server=0&token=51b9358298a057ecb4a170524657c0e1 HTTP/1.1" 200 18338
::1 - - [15/Nov/2021:17:26:53 +0100] "GET /phpmyadmin/themes/pmahomme/img/logo_left.png HTTP/1.1" 200 2327
::1 - - [15/Nov/2021:17:26:53 +0100] "GET /phpmyadmin/themes/dot.gif HTTP/1.1" 304 -
::1 - - [15/Nov/2021:17:26:53 +0100] "GET /phpmyadmin/themes/pmahomme/img/ajax_clock_small.gif HTTP/1.1" 200 1810
::1 - - [15/Nov/2021:17:26:53 +0100] "GET /phpmyadmin/themes/pmahomme/img/arrow_ltr.png HTTP/1.1" 200 139
::1 - - [15/Nov/2021:17:26:52 +0100] "GET /phpmyadmin/phpmyadmin.css.php?server=1&token=51b9358298a057ecb4a170524657c0e1&nocache=6547970200ltr HTTP/1.1" 200 92653
::1 - - [15/Nov/2021:17:26:53 +0100] "GET /phpmyadmin/themes/pmahomme/img/left_nav_bg.png HTTP/1.1" 200 297
::1 - - [15/Nov/2021:17:26:53 +0100] "GET /phpmyadmin/themes/pmahomme/img/sprites.png HTTP/1.1" 304 -
::1 - - [15/Nov/2021:17:26:53 +0100] "GET /phpmyadmin/favicon.ico HTTP/1.1" 304 -
::1 - - [15/Nov/2021:17:26:53 +0100] "GET /phpmyadmin/index.php?ajax_request=1&recent_table=1&token=51b9358298a057ecb4a170524657c0e1 HTTP/1.1" 200 209
::1 - - [15/Nov/2021:17:27:06 +0100] "GET /phpmyadmin/navigation.php?ajax_request=1&token=51b9358298a057ecb4a170524657c0e1&aPath=cm9vdA%3D%3D.ZGF3Mg%3D%3D&vPath=cm9vdA%3D%3D.ZGF3Mg%3D%3D&pos=0&pos2_name=&pos2_value=&searchClause=&searchClause2=&_nocache=1636993626758484270 HTTP/1.1" 200 2847
::1 - - [15/Nov/2021:17:35:39 +0100] "GET /login.php HTTP/1.1" 200 983
::1 - - [15/Nov/2021:17:35:39 +0100] "GET /styles/css/login.css HTTP/1.1" 304 -
::1 - - [15/Nov/2021:17:35:40 +0100] "GET /login.php HTTP/1.1" 200 983
::1 - - [15/Nov/2021:17:35:43 +0100] "GET /phpmyadmin/tbl_structure.php?db=daw2&table=usuario&token=51b9358298a057ecb4a170524657c0e1&ajax_request=true&ajax_page_request=true&menuHashes=ba1d7723&_nocache=1636994143493563998 HTTP/1.1" 200 54067
::1 - - [15/Nov/2021:17:35:43 +0100] "GET /phpmyadmin/favicon.ico HTTP/1.1" 304 -
::1 - - [15/Nov/2021:17:35:43 +0100] "GET /phpmyadmin/index.php?ajax_request=1&recent_table=1&token=51b9358298a057ecb4a170524657c0e1 HTTP/1.1" 200 209
::1 - - [15/Nov/2021:17:35:44 +0100] "GET /phpmyadmin/sql.php?db=daw2&table=usuario&token=51b9358298a057ecb4a170524657c0e1&pos=0&ajax_request=true&ajax_page_request=true&menuHashes=ba1d7723-6d4c425c&_nocache=1636994144698930116 HTTP/1.1" 200 21014
::1 - - [15/Nov/2021:17:35:44 +0100] "GET /phpmyadmin/js/get_scripts.js.php?scripts[]=tbl_change.js&scripts[]=gis_data_editor.js&scripts[]=makegrid.js&scripts[]=sql.js HTTP/1.1" 200 49806
::1 - - [15/Nov/2021:17:35:44 +0100] "GET /phpmyadmin/themes/pmahomme/img/s_fulltext.png HTTP/1.1" 200 193
::1 - - [15/Nov/2021:17:35:44 +0100] "GET /phpmyadmin/themes/pmahomme/img/col_pointer.png HTTP/1.1" 200 113
::1 - - [15/Nov/2021:17:35:44 +0100] "GET /phpmyadmin/themes/pmahomme/img/col_drop.png HTTP/1.1" 200 132
::1 - - [15/Nov/2021:17:35:44 +0100] "GET /phpmyadmin/index.php?ajax_request=1&recent_table=1&token=51b9358298a057ecb4a170524657c0e1 HTTP/1.1" 200 209
::1 - - [15/Nov/2021:17:35:52 +0100] "GET /controllers/contr_login.php?username=123%40gmail.com&password=123 HTTP/1.1" 200 357
::1 - - [15/Nov/2021:17:36:48 +0100] "GET /login.php HTTP/1.1" 200 983
::1 - - [15/Nov/2021:17:36:53 +0100] "GET /controllers/contr_login.php?username=123%40gmail.com&password=123 HTTP/1.1" 200 357
::1 - - [15/Nov/2021:17:37:29 +0100] "GET /controllers/contr_login.php?username=123%40gmail.com&password=123 HTTP/1.1" 200 357
::1 - - [15/Nov/2021:17:37:31 +0100] "GET /login.php HTTP/1.1" 200 997
::1 - - [15/Nov/2021:17:37:33 +0100] "POST /controllers/contr_login.php HTTP/1.1" 200 -
::1 - - [15/Nov/2021:17:38:04 +0100] "POST /controllers/contr_login.php HTTP/1.1" 200 16
::1 - - [15/Nov/2021:17:38:09 +0100] "POST /controllers/contr_login.php HTTP/1.1" 200 65
::1 - - [15/Nov/2021:17:38:13 +0100] "POST /controllers/contr_login.php HTTP/1.1" 200 65
::1 - - [15/Nov/2021:17:38:20 +0100] "POST /controllers/contr_login.php HTTP/1.1" 200 16
::1 - - [15/Nov/2021:17:44:47 +0100] "GET /phpmyadmin HTTP/1.1" 301 241
::1 - - [15/Nov/2021:17:44:47 +0100] "GET /phpmyadmin/ HTTP/1.1" 200 8036
::1 - - [15/Nov/2021:17:44:47 +0100] "GET /phpmyadmin/ HTTP/1.1" 200 8036
::1 - - [15/Nov/2021:17:44:47 +0100] "GET /phpmyadmin/themes/pmahomme/jquery/jquery-ui-1.9.2.custom.css HTTP/1.1" 304 -
::1 - - [15/Nov/2021:17:44:47 +0100] "GET /phpmyadmin/phpmyadmin.css.php?server=1&token=7db0d13ef3de1baf453fde0b6e537cc8&nocache=4910976588ltr HTTP/1.1" 200 92653
::1 - - [15/Nov/2021:17:44:47 +0100] "GET /phpmyadmin/themes/pmahomme/img/logo_right.png HTTP/1.1" 304 -
::1 - - [15/Nov/2021:17:44:47 +0100] "GET /phpmyadmin/themes/dot.gif HTTP/1.1" 304 -
::1 - - [15/Nov/2021:17:44:47 +0100] "GET /phpmyadmin/js/messages.php?lang=es&db=&server=0&token=abf5d609c8ca14afa69cecd2ec21239c HTTP/1.1" 200 18338
::1 - - [15/Nov/2021:17:44:47 +0100] "GET /phpmyadmin/themes/pmahomme/img/sprites.png HTTP/1.1" 304 -
::1 - - [15/Nov/2021:17:44:47 +0100] "GET /phpmyadmin/favicon.ico HTTP/1.1" 304 -
::1 - - [15/Nov/2021:17:44:50 +0100] "POST /phpmyadmin/index.php HTTP/1.1" 302 -
::1 - - [15/Nov/2021:17:44:50 +0100] "GET /phpmyadmin/index.php?token=7db0d13ef3de1baf453fde0b6e537cc8 HTTP/1.1" 200 48855
::1 - - [15/Nov/2021:17:44:50 +0100] "GET /phpmyadmin/phpmyadmin.css.php?server=1&token=7db0d13ef3de1baf453fde0b6e537cc8&nocache=6547971278ltr HTTP/1.1" 200 92653
::1 - - [15/Nov/2021:17:44:50 +0100] "GET /phpmyadmin/themes/pmahomme/img/logo_left.png HTTP/1.1" 304 -
::1 - - [15/Nov/2021:17:44:50 +0100] "GET /phpmyadmin/themes/pmahomme/img/ajax_clock_small.gif HTTP/1.1" 304 -
::1 - - [15/Nov/2021:17:44:50 +0100] "GET /phpmyadmin/js/messages.php?lang=es&db=&server=0&token=7db0d13ef3de1baf453fde0b6e537cc8 HTTP/1.1" 200 18338
::1 - - [15/Nov/2021:17:44:50 +0100] "GET /phpmyadmin/themes/pmahomme/img/left_nav_bg.png HTTP/1.1" 304 -
::1 - - [15/Nov/2021:17:44:50 +0100] "GET /phpmyadmin/version_check.php?&_nocache=1636994690709389879 HTTP/1.1" 200 39
::1 - - [15/Nov/2021:17:45:01 +0100] "GET /phpmyadmin/index.php?token=7db0d13ef3de1baf453fde0b6e537cc8 HTTP/1.1" 200 48855
::1 - - [15/Nov/2021:17:45:02 +0100] "GET /phpmyadmin/index.php?db=&table=&server=1&target=&token=7db0d13ef3de1baf453fde0b6e537cc8 HTTP/1.1" 200 48820
::1 - - [15/Nov/2021:17:45:02 +0100] "GET /phpmyadmin/js/messages.php?lang=es&db=&token=7db0d13ef3de1baf453fde0b6e537cc8 HTTP/1.1" 200 18338
::1 - - [15/Nov/2021:17:45:02 +0100] "GET /phpmyadmin/version_check.php?&_nocache=1636994702402883911 HTTP/1.1" 200 39
::1 - - [15/Nov/2021:17:45:13 +0100] "GET /phpmyadmin/index.php?db=&table=&server=1&target=&token=7db0d13ef3de1baf453fde0b6e537cc8 HTTP/1.1" 200 48820
::1 - - [15/Nov/2021:17:45:13 +0100] "GET /phpmyadmin/index.php?db=&table=&server=1&target=&token=7db0d13ef3de1baf453fde0b6e537cc8 HTTP/1.1" 200 48820
::1 - - [15/Nov/2021:17:45:13 +0100] "GET /phpmyadmin/version_check.php?&_nocache=1636994713903275495 HTTP/1.1" 200 39
::1 - - [15/Nov/2021:17:45:16 +0100] "GET /phpmyadmin/index.php?token=7db0d13ef3de1baf453fde0b6e537cc8&ajax_request=true&ajax_page_request=true&menuHashes=017d2ba5&_nocache=1636994716782333900 HTTP/1.1" 200 42713
::1 - - [15/Nov/2021:17:45:16 +0100] "GET /phpmyadmin/version_check.php?&_nocache=1636994716905824032 HTTP/1.1" 200 39
::1 - - [15/Nov/2021:17:47:59 +0100] "GET /phpmyadmin/ HTTP/1.1" 200 8036
::1 - - [15/Nov/2021:17:48:00 +0100] "GET /phpmyadmin/phpmyadmin.css.php?server=1&token=532b95c54c7a087feb9526a2585d2a52&nocache=4910976588ltr HTTP/1.1" 200 92653
::1 - - [15/Nov/2021:17:48:00 +0100] "GET /phpmyadmin/js/messages.php?lang=es&db=&server=0&token=538b301a0f3397ee58a304fd07d7ff65 HTTP/1.1" 200 18338
::1 - - [15/Nov/2021:17:48:03 +0100] "GET /phpmyadmin/ HTTP/1.1" 200 48915
::1 - - [15/Nov/2021:17:48:03 +0100] "GET /phpmyadmin/themes/pmahomme/jquery/jquery-ui-1.9.2.custom.css HTTP/1.1" 304 -
::1 - - [15/Nov/2021:17:48:03 +0100] "GET /phpmyadmin/themes/pmahomme/img/logo_left.png HTTP/1.1" 304 -
::1 - - [15/Nov/2021:17:48:03 +0100] "GET /phpmyadmin/themes/dot.gif HTTP/1.1" 304 -
::1 - - [15/Nov/2021:17:48:03 +0100] "GET /phpmyadmin/themes/pmahomme/img/ajax_clock_small.gif HTTP/1.1" 304 -
::1 - - [15/Nov/2021:17:48:03 +0100] "GET /phpmyadmin/js/messages.php?lang=es&db=&server=0&token=51b9358298a057ecb4a170524657c0e1 HTTP/1.1" 200 18338
::1 - - [15/Nov/2021:17:48:03 +0100] "GET /phpmyadmin/themes/pmahomme/img/left_nav_bg.png HTTP/1.1" 304 -
::1 - - [15/Nov/2021:17:48:03 +0100] "GET /phpmyadmin/themes/pmahomme/img/sprites.png HTTP/1.1" 304 -
::1 - - [15/Nov/2021:17:48:03 +0100] "GET /phpmyadmin/favicon.ico HTTP/1.1" 304 -
::1 - - [15/Nov/2021:17:48:03 +0100] "GET /phpmyadmin/version_check.php?&_nocache=1636994883683502547 HTTP/1.1" 200 39
::1 - - [15/Nov/2021:17:48:06 +0100] "GET /phpmyadmin/ HTTP/1.1" 200 48915
::1 - - [15/Nov/2021:17:48:06 +0100] "GET /phpmyadmin/version_check.php?&_nocache=1636994886721215614 HTTP/1.1" 200 39
::1 - - [15/Nov/2021:17:48:31 +0100] "GET /phpmyadmin/navigation.php?ajax_request=1&token=51b9358298a057ecb4a170524657c0e1&aPath=cm9vdA%3D%3D.ZGF3Mg%3D%3D&vPath=cm9vdA%3D%3D.ZGF3Mg%3D%3D&pos=0&pos2_name=&pos2_value=&searchClause=&searchClause2=&_nocache=1636994911117542731 HTTP/1.1" 200 2847
::1 - - [15/Nov/2021:17:48:44 +0100] "GET /phpmyadmin/sql.php?server=1&db=daw2&table=usuario&pos=0&token=51b9358298a057ecb4a170524657c0e1&ajax_request=true&ajax_page_request=true&menuHashes=b25deef1&_nocache=1636994924653198195 HTTP/1.1" 200 21016
::1 - - [15/Nov/2021:17:48:44 +0100] "GET /phpmyadmin/js/get_scripts.js.php?scripts[]=tbl_change.js&scripts[]=tbl_structure.js&scripts[]=gis_data_editor.js&scripts[]=makegrid.js&scripts[]=sql.js HTTP/1.1" 200 57302
::1 - - [15/Nov/2021:17:48:44 +0100] "GET /phpmyadmin/themes/pmahomme/img/s_fulltext.png HTTP/1.1" 304 -
::1 - - [15/Nov/2021:17:48:44 +0100] "GET /phpmyadmin/themes/pmahomme/img/arrow_ltr.png HTTP/1.1" 304 -
::1 - - [15/Nov/2021:17:48:44 +0100] "GET /phpmyadmin/themes/pmahomme/img/col_pointer.png HTTP/1.1" 304 -
::1 - - [15/Nov/2021:17:48:44 +0100] "GET /phpmyadmin/themes/pmahomme/img/col_drop.png HTTP/1.1" 304 -
::1 - - [15/Nov/2021:17:48:44 +0100] "GET /phpmyadmin/index.php?ajax_request=1&recent_table=1&token=51b9358298a057ecb4a170524657c0e1 HTTP/1.1" 200 209
::1 - - [15/Nov/2021:17:48:45 +0100] "GET /phpmyadmin/tbl_structure.php?db=daw2&table=usuario&token=51b9358298a057ecb4a170524657c0e1&ajax_request=true&ajax_page_request=true&menuHashes=b25deef1-e7db8cb2&_nocache=1636994925804980057 HTTP/1.1" 200 54067
::1 - - [15/Nov/2021:17:48:45 +0100] "GET /phpmyadmin/index.php?ajax_request=1&recent_table=1&token=51b9358298a057ecb4a170524657c0e1 HTTP/1.1" 200 209
::1 - - [15/Nov/2021:17:49:41 +0100] "GET /phpmyadmin/tbl_structure.php?db=daw2&table=usuario&token=51b9358298a057ecb4a170524657c0e1&ajax_request=true&ajax_page_request=true&menuHashes=b25deef1-e7db8cb2-6d4c425c&_nocache=1636994981785857550 HTTP/1.1" 200 51028
::1 - - [15/Nov/2021:17:49:41 +0100] "GET /phpmyadmin/index.php?ajax_request=1&recent_table=1&token=51b9358298a057ecb4a170524657c0e1 HTTP/1.1" 200 209
::1 - - [15/Nov/2021:17:49:42 +0100] "GET /phpmyadmin/sql.php?db=daw2&table=usuario&token=51b9358298a057ecb4a170524657c0e1&pos=0&ajax_request=true&ajax_page_request=true&menuHashes=b25deef1-e7db8cb2-6d4c425c&_nocache=1636994982386630828 HTTP/1.1" 200 17975
::1 - - [15/Nov/2021:17:49:42 +0100] "GET /phpmyadmin/index.php?ajax_request=1&recent_table=1&token=51b9358298a057ecb4a170524657c0e1 HTTP/1.1" 200 209
::1 - - [15/Nov/2021:17:49:56 +0100] "GET /content HTTP/1.1" 301 238
::1 - - [15/Nov/2021:17:49:56 +0100] "GET /content/ HTTP/1.1" 200 724
::1 - - [15/Nov/2021:17:49:58 +0100] "GET /content/panel-admin.php HTTP/1.1" 200 1223
::1 - - [15/Nov/2021:17:49:58 +0100] "GET /styles/css/panel_admin.css HTTP/1.1" 200 115
::1 - - [15/Nov/2021:17:49:59 +0100] "GET /content/create_user.php HTTP/1.1" 200 1513
::1 - - [15/Nov/2021:17:49:59 +0100] "GET /content/styles/css/register.css HTTP/1.1" 404 229
::1 - - [15/Nov/2021:17:50:12 +0100] "POST /controllers/contr_register.php HTTP/1.1" 200 32
::1 - - [15/Nov/2021:17:50:14 +0100] "GET /phpmyadmin/ HTTP/1.1" 200 48915
::1 - - [15/Nov/2021:17:50:14 +0100] "GET /phpmyadmin/sql.php?db=daw2&table=usuario&server=1&target=&token=51b9358298a057ecb4a170524657c0e1 HTTP/1.1" 200 33603
::1 - - [15/Nov/2021:17:50:15 +0100] "GET /phpmyadmin/js/get_scripts.js.php?scripts[]=jquery/jquery-1.8.3.js&scripts[]=ajax.js&scripts[]=keyhandler.js&scripts[]=jquery/jquery-ui-1.9.2.custom.js&scripts[]=jquery/jquery.sprintf.js&scripts[]=jquery/jquery.cookie.js&scripts[]=jquery/jquery.mousewheel.js&scripts[]=jquery/jquery.event.drag-2.2.js&scripts[]=jquery/jquery-ui-timepicker-addon.js&scripts[]=jquery/jquery.ba-hashchange-1.3.js&scripts[]=jquery/jquery.debounce-1.0.5.js&scripts[]=jquery/jquery.menuResizer-1.0.js&scripts[]=rte.js&scripts[]=functions.js&scripts[]=navigation.js&scripts[]=indexes.js&scripts[]=common.js&scripts[]=tbl_change.js&scripts[]=tbl_structure.js&scripts[]=gis_data_editor.js&scripts[]=makegrid.js&scripts[]=sql.js&scripts[]=codemirror/lib/codemirror.js&scripts[]=codemirror/mode/mysql/mysql.js HTTP/1.1" 200 635923
::1 - - [15/Nov/2021:17:50:15 +0100] "GET /phpmyadmin/js/messages.php?lang=es&db=daw2&token=51b9358298a057ecb4a170524657c0e1 HTTP/1.1" 200 18338
::1 - - [15/Nov/2021:17:50:15 +0100] "GET /phpmyadmin/index.php?ajax_request=1&recent_table=1&token=51b9358298a057ecb4a170524657c0e1 HTTP/1.1" 200 209
::1 - - [15/Nov/2021:17:50:18 +0100] "GET /phpmyadmin/tbl_change.php?db=daw2&table=usuario&where_clause=%60usuario%60.%60ID%60+%3D+%27ogmaex%27&clause_is_unique=1&sql_query=SELECT+%2A+FROM+%60usuario%60&goto=sql.php&default_action=update&token=51b9358298a057ecb4a170524657c0e1&ajax_request=true&ajax_page_request=true&menuHashes=e7db8cb2&_nocache=1636995018560729019 HTTP/1.1" 200 43761
::1 - - [15/Nov/2021:17:50:18 +0100] "GET /phpmyadmin/themes/pmahomme/img/b_calendar.png HTTP/1.1" 200 638
::1 - - [15/Nov/2021:17:50:18 +0100] "GET /phpmyadmin/index.php?ajax_request=1&recent_table=1&token=51b9358298a057ecb4a170524657c0e1 HTTP/1.1" 200 209
::1 - - [15/Nov/2021:17:50:22 +0100] "POST /phpmyadmin/tbl_replace.php HTTP/1.1" 200 26600
::1 - - [15/Nov/2021:17:50:22 +0100] "GET /phpmyadmin/index.php?ajax_request=1&recent_table=1&token=51b9358298a057ecb4a170524657c0e1 HTTP/1.1" 200 209
::1 - - [15/Nov/2021:17:50:44 +0100] "GET /login.php HTTP/1.1" 200 997
::1 - - [15/Nov/2021:17:50:44 +0100] "GET /styles/css/login.css HTTP/1.1" 304 -
::1 - - [15/Nov/2021:17:50:49 +0100] "POST /controllers/contr_login.php HTTP/1.1" 200 5
::1 - - [15/Nov/2021:17:52:27 +0100] "POST /controllers/contr_login.php HTTP/1.1" 200 7
::1 - - [15/Nov/2021:17:55:26 +0100] "GET /login.php HTTP/1.1" 200 997
::1 - - [15/Nov/2021:17:55:28 +0100] "POST /controllers/contr_login.php HTTP/1.1" 200 279
::1 - - [15/Nov/2021:17:56:10 +0100] "GET /login.php HTTP/1.1" 200 997
::1 - - [15/Nov/2021:17:56:10 +0100] "GET /styles/css/login.css HTTP/1.1" 304 -
::1 - - [15/Nov/2021:17:56:13 +0100] "POST /controllers/contr_login.php HTTP/1.1" 200 8
