[Tue Nov 02 17:14:51.192948 2021] [mpm_winnt:notice] [pid 10880:tid 1016] AH00455: Apache/2.4.6 (Win32) PHP/5.4.17 configured -- resuming normal operations
[Tue Nov 02 17:14:51.192948 2021] [mpm_winnt:notice] [pid 10880:tid 1016] AH00456: Apache Lounge VC10 Server built: Jul 16 2013 11:15:41
[Tue Nov 02 17:14:51.192948 2021] [core:notice] [pid 10880:tid 1016] AH00094: Command line: 'C:\\Users\\DAW2\\Desktop\\tiendaphp\\TiendaPHP\\USBWebserver/apache2/bin/httpd_usbwv8.exe -d C:/Users/DAW2/Desktop/tiendaphp/TiendaPHP/USBWebserver/apache2'
[Tue Nov 02 17:14:51.192948 2021] [mpm_winnt:notice] [pid 10880:tid 1016] AH00418: Parent: Created child process 15848
[Tue Nov 02 17:14:51.910907 2021] [mpm_winnt:notice] [pid 15848:tid 252] AH00354: Child: Starting 64 worker threads.
[Tue Nov 02 17:14:55.578564 2021] [:error] [pid 15848:tid 1368] [client ::1:54130] PHP Parse error:  syntax error, unexpected '<' in C:\\Users\\DAW2\\Desktop\\tiendaphp\\TiendaPHP\\logica.php on line 56, referer: http://localhost:8080/
[Tue Nov 02 17:44:49.565789 2021] [:error] [pid 15848:tid 1364] [client ::1:54082] PHP Notice:  Undefined index: title in C:\\Users\\DAW2\\Desktop\\tiendaphp\\TiendaPHP\\content\\crud.php on line 6
[Tue Nov 02 17:44:49.565789 2021] [:error] [pid 15848:tid 1364] [client ::1:54082] PHP Notice:  Undefined index: desc in C:\\Users\\DAW2\\Desktop\\tiendaphp\\TiendaPHP\\content\\crud.php on line 7
[Tue Nov 02 17:44:49.565789 2021] [:error] [pid 15848:tid 1364] [client ::1:54082] PHP Notice:  Undefined index: precio in C:\\Users\\DAW2\\Desktop\\tiendaphp\\TiendaPHP\\content\\crud.php on line 8
[Tue Nov 02 18:32:29.958498 2021] [:error] [pid 15848:tid 1364] [client ::1:54315] script 'C:/Users/DAW2/Desktop/tiendaphp/TiendaPHP/content/logica.php' not found or unable to stat, referer: http://localhost:8080/content/panel-admin.php
[Tue Nov 02 18:45:20.293211 2021] [:error] [pid 15848:tid 1364] [client ::1:54418] script 'C:/Users/DAW2/Desktop/tiendaphp/TiendaPHP/content/logica.php' not found or unable to stat, referer: http://localhost:8080/content/panel-admin.php
[Tue Nov 02 18:49:03.324529 2021] [:error] [pid 15848:tid 1364] [client ::1:54442] script 'C:/Users/DAW2/Desktop/tiendaphp/TiendaPHP/content/logica.php' not found or unable to stat, referer: http://localhost:8080/content/panel-admin.php
[Tue Nov 02 18:49:25.629078 2021] [:error] [pid 15848:tid 1364] [client ::1:54443] PHP Warning:  include(/controllers/db.php): failed to open stream: No such file or directory in C:\\Users\\DAW2\\Desktop\\tiendaphp\\TiendaPHP\\content\\crud.php on line 2, referer: http://localhost:8080/content/panel-admin.php
[Tue Nov 02 18:49:25.629078 2021] [:error] [pid 15848:tid 1364] [client ::1:54443] PHP Warning:  include(): Failed opening '/controllers/db.php' for inclusion (include_path='.;C:\\php\\pear') in C:\\Users\\DAW2\\Desktop\\tiendaphp\\TiendaPHP\\content\\crud.php on line 2, referer: http://localhost:8080/content/panel-admin.php
[Tue Nov 02 18:49:25.629078 2021] [:error] [pid 15848:tid 1364] [client ::1:54443] PHP Warning:  include(/menu.php): failed to open stream: No such file or directory in C:\\Users\\DAW2\\Desktop\\tiendaphp\\TiendaPHP\\content\\crud.php on line 3, referer: http://localhost:8080/content/panel-admin.php
[Tue Nov 02 18:49:25.629078 2021] [:error] [pid 15848:tid 1364] [client ::1:54443] PHP Warning:  include(): Failed opening '/menu.php' for inclusion (include_path='.;C:\\php\\pear') in C:\\Users\\DAW2\\Desktop\\tiendaphp\\TiendaPHP\\content\\crud.php on line 3, referer: http://localhost:8080/content/panel-admin.php
[Tue Nov 02 18:49:25.629078 2021] [:error] [pid 15848:tid 1364] [client ::1:54443] PHP Notice:  Undefined variable: conexion in C:\\Users\\DAW2\\Desktop\\tiendaphp\\TiendaPHP\\content\\crud.php on line 8, referer: http://localhost:8080/content/panel-admin.php
[Tue Nov 02 18:49:25.629078 2021] [:error] [pid 15848:tid 1364] [client ::1:54443] PHP Fatal error:  Call to a member function query() on a non-object in C:\\Users\\DAW2\\Desktop\\tiendaphp\\TiendaPHP\\content\\crud.php on line 8, referer: http://localhost:8080/content/panel-admin.php
[Tue Nov 02 18:50:01.564865 2021] [:error] [pid 15848:tid 1364] [client ::1:54449] PHP Parse error:  syntax error, unexpected 'text' (T_STRING), expecting ',' or ';' in C:\\Users\\DAW2\\Desktop\\tiendaphp\\TiendaPHP\\content\\crud.php on line 39, referer: http://localhost:8080/content/panel-admin.php
[Tue Nov 02 18:50:16.684652 2021] [:error] [pid 15848:tid 1364] [client ::1:54455] PHP Parse error:  syntax error, unexpected 'text' (T_STRING), expecting ',' or ';' in C:\\Users\\DAW2\\Desktop\\tiendaphp\\TiendaPHP\\content\\crud.php on line 39, referer: http://localhost:8080/content/panel-admin.php
[Tue Nov 02 18:50:17.427305 2021] [:error] [pid 15848:tid 1364] [client ::1:54455] PHP Parse error:  syntax error, unexpected 'text' (T_STRING), expecting ',' or ';' in C:\\Users\\DAW2\\Desktop\\tiendaphp\\TiendaPHP\\content\\crud.php on line 39, referer: http://localhost:8080/content/panel-admin.php
[Tue Nov 02 18:50:39.044781 2021] [:error] [pid 15848:tid 1364] [client ::1:54457] PHP Parse error:  syntax error, unexpected 'password' (T_STRING), expecting ',' or ';' in C:\\Users\\DAW2\\Desktop\\tiendaphp\\TiendaPHP\\content\\crud.php on line 39, referer: http://localhost:8080/content/panel-admin.php
[Tue Nov 02 18:52:32.286413 2021] [:error] [pid 15848:tid 1364] [client ::1:54489] PHP Parse error:  syntax error, unexpected '' (T_ENCAPSED_AND_WHITESPACE), expecting identifier (T_STRING) or variable (T_VARIABLE) or number (T_NUM_STRING) in C:\\Users\\DAW2\\Desktop\\tiendaphp\\TiendaPHP\\content\\crud.php on line 39, referer: http://localhost:8080/content/panel-admin.php
[Tue Nov 02 18:52:32.970306 2021] [:error] [pid 15848:tid 1364] [client ::1:54489] PHP Parse error:  syntax error, unexpected '' (T_ENCAPSED_AND_WHITESPACE), expecting identifier (T_STRING) or variable (T_VARIABLE) or number (T_NUM_STRING) in C:\\Users\\DAW2\\Desktop\\tiendaphp\\TiendaPHP\\content\\crud.php on line 39, referer: http://localhost:8080/content/panel-admin.php
[Tue Nov 02 18:53:20.251663 2021] [:error] [pid 15848:tid 1364] [client ::1:54490] PHP Parse error:  syntax error, unexpected '.' in C:\\Users\\DAW2\\Desktop\\tiendaphp\\TiendaPHP\\content\\crud.php on line 43, referer: http://localhost:8080/content/panel-admin.php
[Tue Nov 02 18:53:20.915550 2021] [:error] [pid 15848:tid 1364] [client ::1:54490] PHP Parse error:  syntax error, unexpected '.' in C:\\Users\\DAW2\\Desktop\\tiendaphp\\TiendaPHP\\content\\crud.php on line 43, referer: http://localhost:8080/content/panel-admin.php
[Tue Nov 02 18:53:34.996239 2021] [:error] [pid 15848:tid 1364] [client ::1:54497] PHP Parse error:  syntax error, unexpected '.' in C:\\Users\\DAW2\\Desktop\\tiendaphp\\TiendaPHP\\content\\crud.php on line 43, referer: http://localhost:8080/content/panel-admin.php
[Tue Nov 02 18:53:54.592669 2021] [:error] [pid 15848:tid 1364] [client ::1:54499] PHP Warning:  include(/menu.php): failed to open stream: No such file or directory in C:\\Users\\DAW2\\Desktop\\tiendaphp\\TiendaPHP\\content\\crud.php on line 3, referer: http://localhost:8080/content/panel-admin.php
[Tue Nov 02 18:53:54.592669 2021] [:error] [pid 15848:tid 1364] [client ::1:54499] PHP Warning:  include(): Failed opening '/menu.php' for inclusion (include_path='.;C:\\php\\pear') in C:\\Users\\DAW2\\Desktop\\tiendaphp\\TiendaPHP\\content\\crud.php on line 3, referer: http://localhost:8080/content/panel-admin.php
[Tue Nov 02 18:55:11.779650 2021] [:error] [pid 15848:tid 1364] [client ::1:54517] PHP Parse error:  syntax error, unexpected 'submit' (T_STRING), expecting ',' or ';' in C:\\Users\\DAW2\\Desktop\\tiendaphp\\TiendaPHP\\content\\crud.php on line 58, referer: http://localhost:8080/content/panel-admin.php
[Tue Nov 02 18:55:12.139172 2021] [:error] [pid 15848:tid 1364] [client ::1:54517] PHP Parse error:  syntax error, unexpected 'submit' (T_STRING), expecting ',' or ';' in C:\\Users\\DAW2\\Desktop\\tiendaphp\\TiendaPHP\\content\\crud.php on line 58, referer: http://localhost:8080/content/panel-admin.php
[Tue Nov 02 18:56:34.603555 2021] [:error] [pid 15848:tid 1364] [client ::1:54537] PHP Fatal error:  Cannot use object of type mysqli_result as array in C:\\Users\\DAW2\\Desktop\\tiendaphp\\TiendaPHP\\content\\crud.php on line 17, referer: http://localhost:8080/content/panel-admin.php
[Tue Nov 02 18:57:05.934255 2021] [:error] [pid 15848:tid 1364] [client ::1:54538] PHP Fatal error:  Cannot use object of type mysqli_result as array in C:\\Users\\DAW2\\Desktop\\tiendaphp\\TiendaPHP\\content\\crud.php on line 21, referer: http://localhost:8080/content/panel-admin.php
[Tue Nov 02 18:57:06.531591 2021] [:error] [pid 15848:tid 1364] [client ::1:54538] PHP Fatal error:  Cannot use object of type mysqli_result as array in C:\\Users\\DAW2\\Desktop\\tiendaphp\\TiendaPHP\\content\\crud.php on line 21, referer: http://localhost:8080/content/panel-admin.php
[Tue Nov 02 18:58:02.988264 2021] [:error] [pid 15848:tid 1364] [client ::1:54557] PHP Parse error:  syntax error, unexpected '}', expecting ',' or ';' in C:\\Users\\DAW2\\Desktop\\tiendaphp\\TiendaPHP\\content\\crud.php on line 24, referer: http://localhost:8080/content/panel-admin.php
[Tue Nov 02 18:58:43.957214 2021] [:error] [pid 15848:tid 1364] [client ::1:54563] PHP Parse error:  syntax error, unexpected '}' in C:\\Users\\DAW2\\Desktop\\tiendaphp\\TiendaPHP\\content\\crud.php on line 69, referer: http://localhost:8080/content/panel-admin.php
[Tue Nov 02 18:59:41.772700 2021] [:error] [pid 15848:tid 1356] [client ::1:54589] PHP Parse error:  syntax error, unexpected '}', expecting ',' or ';' in C:\\Users\\DAW2\\Desktop\\tiendaphp\\TiendaPHP\\content\\crud.php on line 24, referer: http://localhost:8080/content/panel-admin.php
[Tue Nov 02 19:10:40.403879 2021] [:error] [pid 15848:tid 1364] [client ::1:50669] PHP Notice:  Undefined variable: desc_product in C:\\Users\\DAW2\\Desktop\\tiendaphp\\TiendaPHP\\content\\crud.php on line 48, referer: http://localhost:8080/content/crud.php?id=26
[Tue Nov 02 19:11:27.317065 2021] [:error] [pid 15848:tid 1364] [client ::1:50687] PHP Parse error:  syntax error, unexpected 'echo' (T_ECHO) in C:\\Users\\DAW2\\Desktop\\tiendaphp\\TiendaPHP\\content\\contr_crud.php on line 5, referer: http://localhost:8080/content/crud.php?id=26
[Tue Nov 02 19:11:41.996281 2021] [:error] [pid 15848:tid 1364] [client ::1:50690] PHP Notice:  Undefined index: id in C:\\Users\\DAW2\\Desktop\\tiendaphp\\TiendaPHP\\content\\crud.php on line 6, referer: http://localhost:8080/content/crud.php?id=26
[Tue Nov 02 19:11:41.997281 2021] [:error] [pid 15848:tid 1364] [client ::1:50690] PHP Notice:  Trying to get property of non-object in C:\\Users\\DAW2\\Desktop\\tiendaphp\\TiendaPHP\\content\\crud.php on line 17, referer: http://localhost:8080/content/crud.php?id=26
[Tue Nov 02 19:11:41.997281 2021] [:error] [pid 15848:tid 1364] [client ::1:50690] PHP Notice:  Undefined variable: nombre in C:\\Users\\DAW2\\Desktop\\tiendaphp\\TiendaPHP\\content\\crud.php on line 47, referer: http://localhost:8080/content/crud.php?id=26
[Tue Nov 02 19:11:41.997281 2021] [:error] [pid 15848:tid 1364] [client ::1:50690] PHP Notice:  Undefined variable: desc in C:\\Users\\DAW2\\Desktop\\tiendaphp\\TiendaPHP\\content\\crud.php on line 48, referer: http://localhost:8080/content/crud.php?id=26
[Tue Nov 02 19:11:41.997281 2021] [:error] [pid 15848:tid 1364] [client ::1:50690] PHP Notice:  Undefined variable: precio in C:\\Users\\DAW2\\Desktop\\tiendaphp\\TiendaPHP\\content\\crud.php on line 49, referer: http://localhost:8080/content/crud.php?id=26
[Tue Nov 02 19:11:41.997281 2021] [:error] [pid 15848:tid 1364] [client ::1:50690] PHP Notice:  Undefined variable: nombre in C:\\Users\\DAW2\\Desktop\\tiendaphp\\TiendaPHP\\content\\contr_crud.php on line 5, referer: http://localhost:8080/content/crud.php?id=26
[Tue Nov 02 19:11:49.300713 2021] [:error] [pid 15848:tid 1364] [client ::1:50692] PHP Notice:  Undefined index: id in C:\\Users\\DAW2\\Desktop\\tiendaphp\\TiendaPHP\\content\\crud.php on line 6, referer: http://localhost:8080/content/crud.php?id=26
[Tue Nov 02 19:11:49.301644 2021] [:error] [pid 15848:tid 1364] [client ::1:50692] PHP Notice:  Trying to get property of non-object in C:\\Users\\DAW2\\Desktop\\tiendaphp\\TiendaPHP\\content\\crud.php on line 17, referer: http://localhost:8080/content/crud.php?id=26
[Tue Nov 02 19:11:49.301644 2021] [:error] [pid 15848:tid 1364] [client ::1:50692] PHP Notice:  Undefined variable: nombre in C:\\Users\\DAW2\\Desktop\\tiendaphp\\TiendaPHP\\content\\crud.php on line 47, referer: http://localhost:8080/content/crud.php?id=26
[Tue Nov 02 19:11:49.301644 2021] [:error] [pid 15848:tid 1364] [client ::1:50692] PHP Notice:  Undefined variable: desc in C:\\Users\\DAW2\\Desktop\\tiendaphp\\TiendaPHP\\content\\crud.php on line 48, referer: http://localhost:8080/content/crud.php?id=26
[Tue Nov 02 19:11:49.301644 2021] [:error] [pid 15848:tid 1364] [client ::1:50692] PHP Notice:  Undefined variable: precio in C:\\Users\\DAW2\\Desktop\\tiendaphp\\TiendaPHP\\content\\crud.php on line 49, referer: http://localhost:8080/content/crud.php?id=26
[Tue Nov 02 19:11:49.301644 2021] [:error] [pid 15848:tid 1364] [client ::1:50692] PHP Notice:  Undefined variable: nombre in C:\\Users\\DAW2\\Desktop\\tiendaphp\\TiendaPHP\\content\\contr_crud.php on line 5, referer: http://localhost:8080/content/crud.php?id=26
[Tue Nov 02 19:12:36.664887 2021] [:error] [pid 15848:tid 1364] [client ::1:50716] PHP Warning:  mysql_num_rows() expects parameter 1 to be resource, object given in C:\\Users\\DAW2\\Desktop\\tiendaphp\\TiendaPHP\\content\\contr_crud.php on line 59, referer: http://localhost:8080/content/crud.php?id=26
[Tue Nov 02 19:12:36.664887 2021] [:error] [pid 15848:tid 1364] [client ::1:50716] PHP Notice:  Undefined variable: passwd in C:\\Users\\DAW2\\Desktop\\tiendaphp\\TiendaPHP\\content\\contr_crud.php on line 65, referer: http://localhost:8080/content/crud.php?id=26
[Tue Nov 02 19:12:36.664887 2021] [:error] [pid 15848:tid 1364] [client ::1:50716] PHP Notice:  Undefined variable: email in C:\\Users\\DAW2\\Desktop\\tiendaphp\\TiendaPHP\\content\\contr_crud.php on line 65, referer: http://localhost:8080/content/crud.php?id=26
[Tue Nov 02 19:13:40.489263 2021] [:error] [pid 15848:tid 1364] [client ::1:50728] PHP Warning:  mysql_num_rows() expects parameter 1 to be resource, object given in C:\\Users\\DAW2\\Desktop\\tiendaphp\\TiendaPHP\\content\\contr_crud.php on line 57, referer: http://localhost:8080/content/crud.php?id=26
[Tue Nov 02 19:13:40.489263 2021] [:error] [pid 15848:tid 1364] [client ::1:50728] PHP Notice:  Undefined variable: passwd in C:\\Users\\DAW2\\Desktop\\tiendaphp\\TiendaPHP\\content\\contr_crud.php on line 63, referer: http://localhost:8080/content/crud.php?id=26
[Tue Nov 02 19:13:40.489263 2021] [:error] [pid 15848:tid 1364] [client ::1:50728] PHP Notice:  Undefined variable: email in C:\\Users\\DAW2\\Desktop\\tiendaphp\\TiendaPHP\\content\\contr_crud.php on line 63, referer: http://localhost:8080/content/crud.php?id=26
